<?xml version="1.0" encoding="UTF-8"?>
<testng-results ignored="0" total="2" passed="2" failed="0" skipped="0">
  <reporter-output>
  </reporter-output>
  <suite started-at="2024-02-12T15:01:56 IST" name="Default suite" finished-at="2024-02-12T15:02:13 IST" duration-ms="16131">
    <groups>
    </groups>
    <test started-at="2024-02-12T15:01:56 IST" name="Default test" finished-at="2024-02-12T15:02:13 IST" duration-ms="16131">
      <class name="utilities.ITListener">
        <test-method is-config="true" signature="beforeClass()[pri:0, instance:utilities.ITListener@2cf3d63b]" started-at="2024-02-12T15:01:56 IST" name="beforeClass" finished-at="2024-02-12T15:02:05 IST" duration-ms="8791" status="PASS">
          <reporter-output>
          </reporter-output>
        </test-method> <!-- beforeClass -->
        <test-method signature="testSearch1()[pri:0, instance:utilities.ITListener@2cf3d63b]" started-at="2024-02-12T15:02:05 IST" name="testSearch1" description="Search for computers" finished-at="2024-02-12T15:02:08 IST" duration-ms="3080" status="PASS">
          <reporter-output>
          </reporter-output>
        </test-method> <!-- testSearch1 -->
        <test-method signature="testSearch2()[pri:0, instance:utilities.ITListener@2cf3d63b]" started-at="2024-02-12T15:02:08 IST" name="testSearch2" description="Search for Electronics" finished-at="2024-02-12T15:02:11 IST" duration-ms="2734" status="PASS">
          <reporter-output>
          </reporter-output>
        </test-method> <!-- testSearch2 -->
        <test-method is-config="true" signature="tearDown()[pri:0, instance:utilities.ITListener@2cf3d63b]" started-at="2024-02-12T15:02:11 IST" name="tearDown" finished-at="2024-02-12T15:02:12 IST" duration-ms="1407" status="PASS">
          <reporter-output>
          </reporter-output>
        </test-method> <!-- tearDown -->
      </class> <!-- utilities.ITListener -->
    </test> <!-- Default test -->
  </suite> <!-- Default suite -->
</testng-results>
